<?xml version="1.0" encoding="UTF-8"?>
<!-- Generated by org.testng.reporters.JUnitReportReporter -->
<testsuite hostname="HAOJIN_PC2" name="henry.html.extractor.WeeklyQuoteFromSohuTest" tests="2" failures="0" timestamp="9 May 2017 07:57:08 GMT" time="0.779" errors="0">
  <testcase name="testCaptureString" time="0.049" classname="henry.html.extractor.WeeklyQuoteFromSohuTest"/>
  <testcase name="test" time="0.730" classname="henry.html.extractor.WeeklyQuoteFromSohuTest"/>
</testsuite> <!-- henry.html.extractor.WeeklyQuoteFromSohuTest -->
